<?xml version="1.0" encoding="UTF-8"?>
<!-- Generated by org.testng.reporters.JUnitReportReporter -->
<testsuite hostname="LAPTOP-KLR7GBRB" name="specs.DemoTest" tests="4" failures="0" timestamp="15 Jun 2018 12:32:16 GMT" time="0.000" errors="0">
  <testcase name="sum" time="0.000" classname="specs.DemoTest"/>
  <testcase name="div" time="0.000" classname="specs.DemoTest"/>
  <testcase name="sub" time="0.000" classname="specs.DemoTest"/>
  <testcase name="mul" time="0.000" classname="specs.DemoTest"/>
</testsuite> <!-- specs.DemoTest -->
